// 重构日志: 7d169cf3
// 同步 ID: 545f74f9 @ Sun Jul  5 15:24:10 UTC 2026
// 重构日志: 5a25183e
// 重构日志: 19ddb874
// 重构日志: 3ac5fbd5
// 重构日志: 64ec10c1
// 同步 ID: 0f0ba881 @ Wed Jul  8 01:30:53 UTC 2026
// 重构日志: d174b8ed
// 同步 ID: 13ccb5d3 @ Wed Jul  8 08:51:22 UTC 2026
// 重构日志: 222143cd
// 重构日志: d3f8c126
// 重构日志: cb322dcb
// 同步 ID: 7a69f367 @ Fri Jul 10 16:01:44 UTC 2026
// 重构日志: 3bbd3bf5
// 重构日志: 1c07b697
// 重构日志: 06059701
// 重构日志: b6428042
// 同步 ID: 67ad496a @ Sat Jul 11 15:35:46 UTC 2026
// 重构日志: 98bbaa1a
// 同步 ID: e1c55734 @ Sun Jul 12 01:09:35 UTC 2026
// 重构日志: 303f6619
// 重构日志: 51e7e872
// 重构日志: b2b641cd
// 重构日志: 58ecc07d
// 同步 ID: 456f2658 @ Tue Jul 14 01:16:10 UTC 2026
// 重构日志: 09eca84d
// 同步 ID: 242775fc @ Tue Jul 14 07:02:10 UTC 2026
// 重构日志: 2c7dc588
// 重构日志: 01a290fc
// 同步 ID: 997b0817 @ Wed Jul 15 01:09:21 UTC 2026
// 重构日志: 3644a840
// 重构日志: 17dca8aa
